Build started 2/20/2018 7:23:57 PM.
     1>Project "E:\CS253\Visual Studio\MASM_FP\MASM_FP\MASM_FP.vcxproj" on node 2 (build target(s)).
     1>InitializeBuildStatus:
         Creating "Debug\MASM_FP.unsuccessfulbuild" because "AlwaysCreate" was specified.
       ClCompile:
         All outputs are up-to-date.
         All outputs are up-to-date.
       ManifestResourceCompile:
         All outputs are up-to-date.
       Link:
         c:\Program Files (x86)\Microsoft Visual Studio 10.0\VC\bin\link.exe /ERRORREPORT:PROMPT /OUT:"E:\CS253\Visual Studio\MASM_FP\Debug\MASM_FP.exe" /INCREMENTAL /NOLOGO kernel32.lib user32.lib gdi32.lib winspool.lib comdlg32.lib advapi32.lib shell32.lib ole32.lib oleaut32.lib uuid.lib odbc32.lib odbccp32.lib /MANIFEST /ManifestFile:"Debug\MASM_FP.exe.intermediate.manifest" /MANIFESTUAC:"level='asInvoker' uiAccess='false'" /DEBUG /PDB:"E:\CS253\Visual Studio\MASM_FP\Debug\MASM_FP.pdb" /SUBSYSTEM:CONSOLE /TLBID:1 /DYNAMICBASE /NXCOMPAT /IMPLIB:"E:\CS253\Visual Studio\MASM_FP\Debug\MASM_FP.lib" /MACHINE:X86 Debug\MASM_FP.exe.embed.manifest.res
         Debug\MASM_FP.obj
         Debug\stdafx.obj
       Manifest:
         C:\Program Files (x86)\Microsoft SDKs\Windows\v7.0A\bin\mt.exe /nologo /verbose /out:"Debug\MASM_FP.exe.embed.manifest" /manifest Debug\MASM_FP.exe.intermediate.manifest
         All outputs are up-to-date.
       LinkEmbedManifest:
         All outputs are up-to-date.
         MASM_FP.vcxproj -> E:\CS253\Visual Studio\MASM_FP\Debug\MASM_FP.exe
       FinalizeBuildStatus:
         Deleting file "Debug\MASM_FP.unsuccessfulbuild".
         Touching "Debug\MASM_FP.lastbuildstate".
     1>Done Building Project "E:\CS253\Visual Studio\MASM_FP\MASM_FP\MASM_FP.vcxproj" (build target(s)).

Build succeeded.

Time Elapsed 00:00:01.27
