Build started 2/20/2018 7:47:32 PM.
     1>Project "E:\CS253\Visual Studio\Lab3\p2\MASM_FP\MASM_FP\MASM_FP.vcxproj" on node 2 (build target(s)).
     1>InitializeBuildStatus:
         Creating "Release\MASM_FP.unsuccessfulbuild" because "AlwaysCreate" was specified.
       ClCompile:
         c:\Program Files (x86)\Microsoft Visual Studio 10.0\VC\bin\CL.exe /c /Zi /nologo /W3 /WX- /O2 /Oi /Oy- /GL /D WIN32 /D NDEBUG /D _CONSOLE /D _UNICODE /D UNICODE /Gm- /EHsc /MD /GS /Gy /fp:precise /Zc:wchar_t /Zc:forScope /Yc"StdAfx.h" /Fp"Release\MASM_FP.pch" /Fo"Release\\" /Fd"Release\vc100.pdb" /Gd /TP /analyze- /errorReport:prompt stdafx.cpp
         stdafx.cpp
         c:\Program Files (x86)\Microsoft Visual Studio 10.0\VC\bin\CL.exe /c /Zi /nologo /W3 /WX- /O2 /Oi /Oy- /GL /D WIN32 /D NDEBUG /D _CONSOLE /D _UNICODE /D UNICODE /Gm- /EHsc /MD /GS /Gy /fp:precise /Zc:wchar_t /Zc:forScope /Yu"StdAfx.h" /Fp"Release\MASM_FP.pch" /Fo"Release\\" /Fd"Release\vc100.pdb" /Gd /TP /analyze- /errorReport:prompt MASM_FP.cpp
         MASM_FP.cpp
     1>MASM_FP.cpp(17): warning C4996: 'scanf': This function or variable may be unsafe. Consider using scanf_s instead. To disable deprecation, use _CRT_SECURE_NO_WARNINGS. See online help for details.
                 c:\Program Files (x86)\Microsoft Visual Studio 10.0\VC\include\stdio.h(304) : see declaration of 'scanf'
     1>MASM_FP.cpp(19): warning C4996: 'scanf': This function or variable may be unsafe. Consider using scanf_s instead. To disable deprecation, use _CRT_SECURE_NO_WARNINGS. See online help for details.
                 c:\Program Files (x86)\Microsoft Visual Studio 10.0\VC\include\stdio.h(304) : see declaration of 'scanf'
       Link:
         c:\Program Files (x86)\Microsoft Visual Studio 10.0\VC\bin\link.exe /ERRORREPORT:PROMPT /OUT:"E:\CS253\Visual Studio\Lab3\p2\MASM_FP\Release\MASM_FP.exe" /INCREMENTAL:NO /NOLOGO kernel32.lib user32.lib gdi32.lib winspool.lib comdlg32.lib advapi32.lib shell32.lib ole32.lib oleaut32.lib uuid.lib odbc32.lib odbccp32.lib /MANIFEST /ManifestFile:"Release\MASM_FP.exe.intermediate.manifest" /MANIFESTUAC:"level='asInvoker' uiAccess='false'" /DEBUG /PDB:"E:\CS253\Visual Studio\Lab3\p2\MASM_FP\Release\MASM_FP.pdb" /SUBSYSTEM:CONSOLE /OPT:REF /OPT:ICF /LTCG /TLBID:1 /DYNAMICBASE /NXCOMPAT /IMPLIB:"E:\CS253\Visual Studio\Lab3\p2\MASM_FP\Release\MASM_FP.lib" /MACHINE:X86 Release\MASM_FP.obj
         Release\stdafx.obj
         Generating code
         Finished generating code
         MASM_FP.vcxproj -> E:\CS253\Visual Studio\Lab3\p2\MASM_FP\Release\MASM_FP.exe
       Manifest:
         C:\Program Files (x86)\Microsoft SDKs\Windows\v7.0A\bin\mt.exe /nologo /verbose /outputresource:"E:\CS253\Visual Studio\Lab3\p2\MASM_FP\Release\MASM_FP.exe;#1" /manifest Release\MASM_FP.exe.intermediate.manifest
       FinalizeBuildStatus:
         Deleting file "Release\MASM_FP.unsuccessfulbuild".
         Touching "Release\MASM_FP.lastbuildstate".
     1>Done Building Project "E:\CS253\Visual Studio\Lab3\p2\MASM_FP\MASM_FP\MASM_FP.vcxproj" (build target(s)).

Build succeeded.

Time Elapsed 00:00:02.38
